0 info it worked if it ends with ok
1 verbose cli [ 'C:\\Program Files\\nodejs\\node.exe',
1 verbose cli   'C:\\Program Files\\nodejs\\node_modules\\npm\\bin\\npm-cli.js',
1 verbose cli   'run',
1 verbose cli   'devserver' ]
2 info using npm@4.1.2
3 info using node@v7.6.0
4 verbose run-script [ 'predevserver', 'devserver', 'postdevserver' ]
5 info lifecycle FullStackTemplates@1.1.1~predevserver: FullStackTemplates@1.1.1
6 silly lifecycle FullStackTemplates@1.1.1~predevserver: no script for predevserver, continuing
7 info lifecycle FullStackTemplates@1.1.1~devserver: FullStackTemplates@1.1.1
8 verbose lifecycle FullStackTemplates@1.1.1~devserver: unsafe-perm in lifecycle true
9 verbose lifecycle FullStackTemplates@1.1.1~devserver: PATH: C:\Program Files\nodejs\node_modules\npm\bin\node-gyp-bin;D:\NODE\FULLSTACK-Template-2\node_modules\.bin;C:\WINDOWS\system32;C:\WINDOWS;C:\WINDOWS\System32\Wbem;C:\WINDOWS\System32\WindowsPowerShell\v1.0\;C:\Program Files\Microsoft\Web Platform Installer\;C:\Program Files\nodejs\;C:\Program Files (x86)\Brackets\command;C:\Program Files\Git\cmd;D:\OpenServer\modules\php\PHP-7\;C:\Program Files (x86)\Microsoft SQL Server\Client SDK\ODBC\130\Tools\Binn\;C:\Program Files (x86)\Microsoft SQL Server\130\Tools\Binn\;C:\Program Files (x86)\Microsoft SQL Server\130\DTS\Binn\;C:\Program Files (x86)\Microsoft SQL Server\130\Tools\Binn\ManagementStudio\;C:\Program Files\Microsoft SQL Server\Client SDK\ODBC\130\Tools\Binn\;C:\Program Files\Microsoft SQL Server\130\Tools\Binn\;C:\Program Files\Microsoft SQL Server\130\DTS\Binn\;C:\Users\Varim\.dnx\runtimes\dnx-clr-win-x86.1.0.0-rc1-update2\bin;C:\Users\Varim\.dnx\bin;C:\Users\Varim\AppData\Local\Microsoft\WindowsApps;C:\Users\Varim\AppData\Roaming\npm;D:\OpenServer\modules\php\PHP-7\
10 verbose lifecycle FullStackTemplates@1.1.1~devserver: CWD: D:\NODE\FULLSTACK-Template-2
11 silly lifecycle FullStackTemplates@1.1.1~devserver: Args: [ '/d /s /c',
11 silly lifecycle   'webpack-dev-server --history-api-fallback  --hot --inline --watch-poll' ]
12 silly lifecycle FullStackTemplates@1.1.1~devserver: Returned: code: 3221225786  signal: null
13 info lifecycle FullStackTemplates@1.1.1~devserver: Failed to exec devserver script
14 verbose stack Error: FullStackTemplates@1.1.1 devserver: `webpack-dev-server --history-api-fallback  --hot --inline --watch-poll`
14 verbose stack Exit status 3221225786
14 verbose stack     at EventEmitter.<anonymous> (C:\Program Files\nodejs\node_modules\npm\lib\utils\lifecycle.js:279:16)
14 verbose stack     at emitTwo (events.js:106:13)
14 verbose stack     at EventEmitter.emit (events.js:192:7)
14 verbose stack     at ChildProcess.<anonymous> (C:\Program Files\nodejs\node_modules\npm\lib\utils\spawn.js:40:14)
14 verbose stack     at emitTwo (events.js:106:13)
14 verbose stack     at ChildProcess.emit (events.js:192:7)
14 verbose stack     at maybeClose (internal/child_process.js:890:16)
14 verbose stack     at Process.ChildProcess._handle.onexit (internal/child_process.js:226:5)
15 verbose pkgid FullStackTemplates@1.1.1
16 verbose cwd D:\NODE\FULLSTACK-Template-2
17 error Windows_NT 10.0.14393
18 error argv "C:\\Program Files\\nodejs\\node.exe" "C:\\Program Files\\nodejs\\node_modules\\npm\\bin\\npm-cli.js" "run" "devserver"
19 error node v7.6.0
20 error npm  v4.1.2
21 error code ELIFECYCLE
22 error FullStackTemplates@1.1.1 devserver: `webpack-dev-server --history-api-fallback  --hot --inline --watch-poll`
22 error Exit status 3221225786
23 error Failed at the FullStackTemplates@1.1.1 devserver script 'webpack-dev-server --history-api-fallback  --hot --inline --watch-poll'.
23 error Make sure you have the latest version of node.js and npm installed.
23 error If you do, this is most likely a problem with the FullStackTemplates package,
23 error not with npm itself.
23 error Tell the author that this fails on your system:
23 error     webpack-dev-server --history-api-fallback  --hot --inline --watch-poll
23 error You can get information on how to open an issue for this project with:
23 error     npm bugs FullStackTemplates
23 error Or if that isn't available, you can get their info via:
23 error     npm owner ls FullStackTemplates
23 error There is likely additional logging output above.
24 verbose exit [ 1, true ]
